\BOOKMARK [0][-]{dummy.1}{\376\377\000D\000e\000c\000l\000a\000r\000a\000t\000i\000o\000n\000\040\000o\000f\000\040\000A\000u\000t\000h\000o\000r\000s\000h\000i\000p}{}% 1
\BOOKMARK [0][-]{dummy.2}{\376\377\000A\000b\000s\000t\000r\000a\000c\000t}{}% 2
\BOOKMARK [0][-]{dummy.3}{\376\377\000A\000c\000k\000n\000o\000w\000l\000e\000d\000g\000e\000m\000e\000n\000t\000s}{}% 3
\BOOKMARK [0][-]{dummy.4}{\376\377\000E\000x\000e\000c\000u\000t\000i\000v\000e\000\040\000S\000u\000m\000m\000a\000r\000y}{}% 4
\BOOKMARK [-1][]{part.5}{\376\377\000I\000\040\000S\000t\000a\000t\000i\000s\000t\000i\000c\000a\000l\000\040\000F\000o\000u\000n\000d\000a\000t\000i\000o\000n\000s\000\040\000a\000n\000d\000\040\000M\000e\000t\000h\000o\000d\000o\000l\000o\000g\000y}{}% 5
\BOOKMARK [0][-]{chapter.6}{\376\377\0001\000\040\000I\000n\000t\000r\000o\000d\000u\000c\000t\000i\000o\000n}{part.5}% 6
\BOOKMARK [1][-]{section.7}{\376\377\0001\000.\0001\000\040\000B\000a\000c\000k\000g\000r\000o\000u\000n\000d\000\040\000a\000n\000d\000\040\000M\000o\000t\000i\000v\000a\000t\000i\000o\000n}{chapter.6}% 7
\BOOKMARK [1][-]{section.8}{\376\377\0001\000.\0002\000\040\000R\000e\000s\000e\000a\000r\000c\000h\000\040\000O\000b\000j\000e\000c\000t\000i\000v\000e\000s}{chapter.6}% 8
\BOOKMARK [1][-]{section.9}{\376\377\0001\000.\0003\000\040\000L\000i\000t\000e\000r\000a\000t\000u\000r\000e\000\040\000R\000e\000v\000i\000e\000w}{chapter.6}% 9
\BOOKMARK [2][-]{subsection.10}{\376\377\0001\000.\0003\000.\0001\000\040\000M\000a\000r\000k\000e\000t\000\040\000R\000e\000g\000i\000m\000e\000\040\000D\000e\000t\000e\000c\000t\000i\000o\000n}{section.9}% 10
\BOOKMARK [2][-]{subsection.11}{\376\377\0001\000.\0003\000.\0002\000\040\000R\000i\000s\000k\000\040\000M\000e\000a\000s\000u\000r\000e\000m\000e\000n\000t}{section.9}% 11
\BOOKMARK [2][-]{subsection.12}{\376\377\0001\000.\0003\000.\0003\000\040\000P\000o\000r\000t\000f\000o\000l\000i\000o\000\040\000A\000n\000a\000l\000y\000s\000i\000s\000\040\000i\000n\000\040\000T\000e\000c\000h\000n\000o\000l\000o\000g\000y\000\040\000S\000e\000c\000t\000o\000r\000s}{section.9}% 12
\BOOKMARK [1][-]{section.13}{\376\377\0001\000.\0004\000\040\000M\000e\000t\000h\000o\000d\000o\000l\000o\000g\000y\000\040\000O\000v\000e\000r\000v\000i\000e\000w}{chapter.6}% 13
\BOOKMARK [1][-]{section.15}{\376\377\0001\000.\0005\000\040\000D\000a\000t\000a\000\040\000D\000e\000s\000c\000r\000i\000p\000t\000i\000o\000n}{chapter.6}% 14
\BOOKMARK [1][-]{section.16}{\376\377\0001\000.\0006\000\040\000E\000x\000p\000e\000c\000t\000e\000d\000\040\000C\000o\000n\000t\000r\000i\000b\000u\000t\000i\000o\000n\000s}{chapter.6}% 15
\BOOKMARK [1][-]{section.17}{\376\377\0001\000.\0007\000\040\000P\000a\000p\000e\000r\000\040\000S\000t\000r\000u\000c\000t\000u\000r\000e}{chapter.6}% 16
\BOOKMARK [0][-]{chapter.18}{\376\377\0002\000\040\000T\000h\000e\000o\000r\000e\000t\000i\000c\000a\000l\000\040\000F\000r\000a\000m\000e\000w\000o\000r\000k}{part.5}% 17
\BOOKMARK [0][-]{chapter.19}{\376\377\0003\000\040\000D\000a\000t\000a\000\040\000a\000n\000d\000\040\000I\000m\000p\000l\000e\000m\000e\000n\000t\000a\000t\000i\000o\000n}{part.5}% 18
\BOOKMARK [-1][]{part.20}{\376\377\000I\000I\000\040\000E\000m\000p\000i\000r\000i\000c\000a\000l\000\040\000A\000n\000a\000l\000y\000s\000i\000s}{}% 19
\BOOKMARK [0][-]{chapter.21}{\376\377\0004\000\040\000M\000a\000r\000k\000e\000t\000\040\000R\000e\000g\000i\000m\000e\000\040\000A\000n\000a\000l\000y\000s\000i\000s}{part.20}% 20
\BOOKMARK [0][-]{chapter.22}{\376\377\0005\000\040\000M\000a\000r\000k\000e\000t\000\040\000R\000e\000g\000i\000m\000e\000\040\000A\000n\000a\000l\000y\000s\000i\000s}{part.20}% 21
\BOOKMARK [1][-]{section.23}{\376\377\0005\000.\0001\000\040\000M\000e\000t\000h\000o\000d\000o\000l\000o\000g\000y}{chapter.22}% 22
\BOOKMARK [2][-]{subsection.24}{\376\377\0005\000.\0001\000.\0001\000\040\000M\000o\000d\000e\000l\000\040\000S\000p\000e\000c\000i\000f\000i\000c\000a\000t\000i\000o\000n}{section.23}% 23
\BOOKMARK [2][-]{subsection.26}{\376\377\0005\000.\0001\000.\0002\000\040\000V\000o\000l\000a\000t\000i\000l\000i\000t\000y\000\040\000D\000y\000n\000a\000m\000i\000c\000s}{section.23}% 24
\BOOKMARK [1][-]{section.28}{\376\377\0005\000.\0002\000\040\000R\000i\000s\000k\000\040\000D\000e\000c\000o\000m\000p\000o\000s\000i\000t\000i\000o\000n}{chapter.22}% 25
\BOOKMARK [1][-]{section.30}{\376\377\0005\000.\0003\000\040\000E\000m\000p\000i\000r\000i\000c\000a\000l\000\040\000R\000e\000s\000u\000l\000t\000s}{chapter.22}% 26
\BOOKMARK [2][-]{subsection.31}{\376\377\0005\000.\0003\000.\0001\000\040\000R\000e\000g\000i\000m\000e\000\040\000I\000d\000e\000n\000t\000i\000f\000i\000c\000a\000t\000i\000o\000n}{section.30}% 27
\BOOKMARK [2][-]{subsection.33}{\376\377\0005\000.\0003\000.\0002\000\040\000C\000o\000m\000p\000o\000n\000e\000n\000t\000\040\000R\000i\000s\000k\000\040\000A\000n\000a\000l\000y\000s\000i\000s}{section.30}% 28
\BOOKMARK [1][-]{section.34}{\376\377\0005\000.\0004\000\040\000M\000o\000d\000e\000l\000\040\000V\000a\000l\000i\000d\000a\000t\000i\000o\000n}{chapter.22}% 29
\BOOKMARK [2][-]{subsection.35}{\376\377\0005\000.\0004\000.\0001\000\040\000S\000t\000a\000t\000i\000s\000t\000i\000c\000a\000l\000\040\000V\000a\000l\000i\000d\000a\000t\000i\000o\000n}{section.34}% 30
\BOOKMARK [2][-]{subsection.36}{\376\377\0005\000.\0004\000.\0002\000\040\000M\000o\000n\000t\000e\000\040\000C\000a\000r\000l\000o\000\040\000V\000a\000l\000i\000d\000a\000t\000i\000o\000n}{section.34}% 31
\BOOKMARK [1][-]{section.37}{\376\377\0005\000.\0005\000\040\000R\000i\000s\000k\000\040\000M\000a\000n\000a\000g\000e\000m\000e\000n\000t\000\040\000A\000p\000p\000l\000i\000c\000a\000t\000i\000o\000n\000s}{chapter.22}% 32
\BOOKMARK [2][-]{subsection.38}{\376\377\0005\000.\0005\000.\0001\000\040\000D\000y\000n\000a\000m\000i\000c\000\040\000P\000o\000s\000i\000t\000i\000o\000n\000\040\000S\000i\000z\000i\000n\000g}{section.37}% 33
\BOOKMARK [2][-]{subsection.39}{\376\377\0005\000.\0005\000.\0002\000\040\000R\000i\000s\000k\000\040\000L\000i\000m\000i\000t\000s}{section.37}% 34
\BOOKMARK [0][-]{chapter.41}{\376\377\0006\000\040\000R\000i\000s\000k\000\040\000M\000a\000n\000a\000g\000e\000m\000e\000n\000t\000\040\000R\000e\000s\000u\000l\000t\000s}{part.20}% 35
\BOOKMARK [1][-]{section.42}{\376\377\0006\000.\0001\000\040\000P\000o\000r\000t\000f\000o\000l\000i\000o\000\040\000R\000i\000s\000k\000\040\000A\000n\000a\000l\000y\000s\000i\000s}{chapter.41}% 36
\BOOKMARK [2][-]{subsection.43}{\376\377\0006\000.\0001\000.\0001\000\040\000R\000i\000s\000k\000\040\000M\000e\000t\000r\000i\000c\000s\000\040\000O\000v\000e\000r\000v\000i\000e\000w}{section.42}% 37
\BOOKMARK [2][-]{subsection.45}{\376\377\0006\000.\0001\000.\0002\000\040\000R\000i\000s\000k\000\040\000D\000e\000c\000o\000m\000p\000o\000s\000i\000t\000i\000o\000n}{section.42}% 38
\BOOKMARK [1][-]{section.46}{\376\377\0006\000.\0002\000\040\000R\000e\000g\000i\000m\000e\000-\000D\000e\000p\000e\000n\000d\000e\000n\000t\000\040\000R\000i\000s\000k}{chapter.41}% 39
\BOOKMARK [1][-]{section.48}{\376\377\0006\000.\0003\000\040\000T\000a\000i\000l\000\040\000R\000i\000s\000k\000\040\000A\000n\000a\000l\000y\000s\000i\000s}{chapter.41}% 40
\BOOKMARK [0][-]{chapter.49}{\376\377\0007\000\040\000M\000o\000n\000t\000e\000\040\000C\000a\000r\000l\000o\000\040\000V\000a\000l\000i\000d\000a\000t\000i\000o\000n}{part.20}% 41
\BOOKMARK [1][-]{section.50}{\376\377\0007\000.\0001\000\040\000S\000i\000m\000u\000l\000a\000t\000i\000o\000n\000\040\000F\000r\000a\000m\000e\000w\000o\000r\000k}{chapter.49}% 42
\BOOKMARK [1][-]{section.52}{\376\377\0007\000.\0002\000\040\000D\000i\000s\000t\000r\000i\000b\000u\000t\000i\000o\000n\000\040\000F\000i\000t\000t\000i\000n\000g}{chapter.49}% 43
\BOOKMARK [2][-]{subsection.53}{\376\377\0007\000.\0002\000.\0001\000\040\000E\000m\000p\000i\000r\000i\000c\000a\000l\000\040\000R\000e\000s\000u\000l\000t\000s}{section.52}% 44
\BOOKMARK [1][-]{section.54}{\376\377\0007\000.\0003\000\040\000P\000o\000r\000t\000f\000o\000l\000i\000o\000\040\000V\000a\000l\000u\000e\000\040\000D\000i\000s\000t\000r\000i\000b\000u\000t\000i\000o\000n}{chapter.49}% 45
\BOOKMARK [1][-]{section.55}{\376\377\0007\000.\0004\000\040\000M\000o\000d\000e\000l\000\040\000V\000a\000l\000i\000d\000a\000t\000i\000o\000n}{chapter.49}% 46
\BOOKMARK [0][-]{chapter.56}{\376\377\0008\000\040\000C\000o\000n\000c\000l\000u\000s\000i\000o\000n}{part.20}% 47
\BOOKMARK [0][-]{chapter.57}{\376\377\0009\000\040\000I\000m\000p\000l\000e\000m\000e\000n\000t\000a\000t\000i\000o\000n\000\040\000S\000t\000a\000t\000u\000s}{part.20}% 48
\BOOKMARK [1][-]{section.58}{\376\377\0009\000.\0001\000\040\000P\000r\000o\000j\000e\000c\000t\000\040\000C\000o\000m\000p\000o\000n\000e\000n\000t\000s}{chapter.57}% 49
